#
# There is insufficient memory for the Java Runtime Environment to continue.
# Native memory allocation (malloc) failed to allocate 32744 bytes for ChunkPool::allocate
# Possible reasons:
#   The system is out of physical RAM or swap space
#   The process is running with CompressedOops enabled, and the Java Heap may be blocking the growth of the native heap
# Possible solutions:
#   Reduce memory load on the system
#   Increase physical memory or swap space
#   Check if swap backing store is full
#   Decrease Java heap size (-Xmx/-Xms)
#   Decrease number of Java threads
#   Decrease Java thread stack sizes (-Xss)
#   Set larger code cache with -XX:ReservedCodeCacheSize=
#   JVM is running with Unscaled Compressed Oops mode in which the Java heap is
#     placed in the first 4GB address space. The Java Heap base address is the
#     maximum limit for the native heap growth. Please use -XX:HeapBaseMinAddress
#     to set the Java Heap base and to place the Java Heap above 4GB virtual address.
# This output file may be truncated or incomplete.
#
#  Out of Memory Error (allocation.cpp:272), pid=20092, tid=0x0000000000004fd0
#
# JRE version: OpenJDK Runtime Environment (8.0_292-b10) (build 1.8.0_292-b10)
# Java VM: OpenJDK 64-Bit Server VM (25.292-b10 mixed mode windows-amd64 compressed oops)
# Failed to write core dump. Minidumps are not enabled by default on client versions of Windows
#

---------------  T H R E A D  ---------------

Current thread (0x00000000199e1000):  JavaThread "C2 CompilerThread0" daemon [_thread_in_native, id=20432, stack(0x000000001a2c0000,0x000000001a3c0000)]

Stack: [0x000000001a2c0000,0x000000001a3c0000]
[error occurred during error reporting (printing stack bounds), id 0xc0000005]

Native frames: (J=compiled Java code, j=interpreted, Vv=VM code, C=native code)


Current CompileTask:
C2: 137230 13498       4       org.objectweb.asm.ClassReader::readCode (5109 bytes)


---------------  P R O C E S S  ---------------

Java Threads: ( => current thread )
  0x000000001facd000 JavaThread "File lock release action executor Thread 2" [_thread_blocked, id=1008, stack(0x0000000023b60000,0x0000000023c60000)]
  0x0000000020058000 JavaThread "Unconstrained build operations Thread 80" [_thread_blocked, id=15044, stack(0x00000000312d0000,0x00000000313d0000)]
  0x0000000020056000 JavaThread "Unconstrained build operations Thread 79" [_thread_blocked, id=1540, stack(0x00000000311d0000,0x00000000312d0000)]
  0x000000002005a000 JavaThread "Unconstrained build operations Thread 78" [_thread_blocked, id=18620, stack(0x00000000310d0000,0x00000000311d0000)]
  0x0000000020059800 JavaThread "Unconstrained build operations Thread 77" [_thread_blocked, id=3196, stack(0x0000000030fd0000,0x00000000310d0000)]
  0x0000000020054000 JavaThread "Unconstrained build operations Thread 76" [_thread_blocked, id=5200, stack(0x0000000030ed0000,0x0000000030fd0000)]
  0x000000002004c000 JavaThread "Unconstrained build operations Thread 75" [_thread_blocked, id=21036, stack(0x0000000030dd0000,0x0000000030ed0000)]
  0x0000000020053000 JavaThread "Unconstrained build operations Thread 74" [_thread_blocked, id=1984, stack(0x0000000030cd0000,0x0000000030dd0000)]
  0x000000002004b000 JavaThread "Unconstrained build operations Thread 73" [_thread_blocked, id=12020, stack(0x0000000030bd0000,0x0000000030cd0000)]
  0x0000000020052800 JavaThread "Unconstrained build operations Thread 72" [_thread_blocked, id=21436, stack(0x0000000030ad0000,0x0000000030bd0000)]
  0x000000002004e800 JavaThread "Unconstrained build operations Thread 71" [_thread_blocked, id=15536, stack(0x00000000309d0000,0x0000000030ad0000)]
  0x0000000020051800 JavaThread "Unconstrained build operations Thread 70" [_thread_blocked, id=3456, stack(0x00000000308d0000,0x00000000309d0000)]
  0x000000002004d000 JavaThread "Unconstrained build operations Thread 69" [_thread_blocked, id=19748, stack(0x00000000307d0000,0x00000000308d0000)]
  0x000000002004f000 JavaThread "Unconstrained build operations Thread 68" [_thread_blocked, id=11408, stack(0x00000000306d0000,0x00000000307d0000)]
  0x0000000020050000 JavaThread "Unconstrained build operations Thread 67" [_thread_blocked, id=9688, stack(0x00000000305d0000,0x00000000306d0000)]
  0x000000002004d800 JavaThread "Unconstrained build operations Thread 66" [_thread_blocked, id=20064, stack(0x00000000304d0000,0x00000000305d0000)]
  0x0000000020050800 JavaThread "Unconstrained build operations Thread 65" [_thread_blocked, id=14968, stack(0x00000000303d0000,0x00000000304d0000)]
  0x000000002a0a8000 JavaThread "Unconstrained build operations Thread 64" [_thread_blocked, id=7164, stack(0x00000000302d0000,0x00000000303d0000)]
  0x000000002a0a7000 JavaThread "Unconstrained build operations Thread 63" [_thread_blocked, id=6040, stack(0x00000000301d0000,0x00000000302d0000)]
  0x000000002a09f000 JavaThread "Unconstrained build operations Thread 62" [_thread_blocked, id=9812, stack(0x00000000300d0000,0x00000000301d0000)]
  0x000000002a0a6800 JavaThread "Unconstrained build operations Thread 61" [_thread_blocked, id=17268, stack(0x000000002ffd0000,0x00000000300d0000)]
  0x000000002a09e800 JavaThread "Unconstrained build operations Thread 60" [_thread_blocked, id=18756, stack(0x000000002fed0000,0x000000002ffd0000)]
  0x000000002a0a5800 JavaThread "Unconstrained build operations Thread 59" [_thread_blocked, id=2112, stack(0x000000002fdd0000,0x000000002fed0000)]
  0x000000002a0a4000 JavaThread "Unconstrained build operations Thread 58" [_thread_blocked, id=20416, stack(0x000000001e1f0000,0x000000001e2f0000)]
  0x000000002a0a2800 JavaThread "Unconstrained build operations Thread 57" [_thread_blocked, id=13700, stack(0x0000000002800000,0x0000000002900000)]
  0x000000002a0a1800 JavaThread "Unconstrained build operations Thread 56" [_thread_blocked, id=19524, stack(0x0000000000d60000,0x0000000000e60000)]
  0x000000002a0a3000 JavaThread "RMI Reaper" [_thread_blocked, id=1584, stack(0x000000002f870000,0x000000002f970000)]
  0x000000002a0a4800 JavaThread "RMI TCP Accept-0" daemon [_thread_in_native, id=9980, stack(0x000000002f770000,0x000000002f870000)]
  0x000000002a099800 JavaThread "GC Daemon" daemon [_thread_blocked, id=18280, stack(0x000000002f670000,0x000000002f770000)]
  0x000000002a0a1000 JavaThread "RMI RenewClean-[127.0.0.1:17127,org.jetbrains.kotlin.daemon.common.LoopbackNetworkInterface$ClientLoopbackSocketFactory@502905be]" daemon [_thread_blocked, id=17856, stack(0x000000002f570000,0x000000002f670000)]
  0x000000002a09b800 JavaThread "RMI Scheduler(0)" daemon [_thread_blocked, id=12568, stack(0x000000002f470000,0x000000002f570000)]
  0x000000002a099000 JavaThread "Unconstrained build operations Thread 55" [_thread_blocked, id=17116, stack(0x000000002f370000,0x000000002f470000)]
  0x000000002a0a0000 JavaThread "Unconstrained build operations Thread 54" [_thread_blocked, id=13292, stack(0x000000002f070000,0x000000002f170000)]
  0x000000002a09d000 JavaThread "Unconstrained build operations Thread 53" [_thread_blocked, id=12924, stack(0x000000002ef70000,0x000000002f070000)]
  0x000000002a09c000 JavaThread "Unconstrained build operations Thread 52" [_thread_blocked, id=19976, stack(0x000000002ee70000,0x000000002ef70000)]
  0x000000002a09a800 JavaThread "Unconstrained build operations Thread 51" [_thread_blocked, id=15892, stack(0x000000002ed70000,0x000000002ee70000)]
  0x000000001f122000 JavaThread "Unconstrained build operations Thread 50" [_thread_blocked, id=4700, stack(0x000000002ec70000,0x000000002ed70000)]
  0x000000001f11f800 JavaThread "Unconstrained build operations Thread 49" [_thread_blocked, id=14120, stack(0x000000002eb70000,0x000000002ec70000)]
  0x00000000234ac800 JavaThread "Unconstrained build operations Thread 48" [_thread_blocked, id=14324, stack(0x000000002ea70000,0x000000002eb70000)]
  0x00000000234ab000 JavaThread "Unconstrained build operations Thread 47" [_thread_blocked, id=9756, stack(0x000000002e970000,0x000000002ea70000)]
  0x00000000234ac000 JavaThread "Unconstrained build operations Thread 46" [_thread_blocked, id=5680, stack(0x000000002e870000,0x000000002e970000)]
  0x00000000234a9800 JavaThread "Unconstrained build operations Thread 45" [_thread_blocked, id=19088, stack(0x000000002e770000,0x000000002e870000)]
  0x00000000234a3800 JavaThread "Unconstrained build operations Thread 44" [_thread_blocked, id=20528, stack(0x000000002e670000,0x000000002e770000)]
  0x00000000234a9000 JavaThread "Unconstrained build operations Thread 43" [_thread_blocked, id=13048, stack(0x000000002e570000,0x000000002e670000)]
  0x00000000234a8000 JavaThread "Unconstrained build operations Thread 42" [_thread_blocked, id=5192, stack(0x000000002e470000,0x000000002e570000)]
  0x00000000234aa800 JavaThread "Unconstrained build operations Thread 41" [_thread_blocked, id=17544, stack(0x000000002e370000,0x000000002e470000)]
  0x00000000234a7000 JavaThread "Unconstrained build operations Thread 40" [_thread_blocked, id=20952, stack(0x000000002e270000,0x000000002e370000)]
  0x000000002349f800 JavaThread "Unconstrained build operations Thread 39" [_thread_blocked, id=14752, stack(0x000000002e170000,0x000000002e270000)]
  0x00000000234a6800 JavaThread "Unconstrained build operations Thread 38" [_thread_blocked, id=1856, stack(0x000000002e070000,0x000000002e170000)]
  0x00000000234a1000 JavaThread "Unconstrained build operations Thread 37" [_thread_blocked, id=19640, stack(0x000000002df70000,0x000000002e070000)]
  0x00000000234a5800 JavaThread "Unconstrained build operations Thread 36" [_thread_blocked, id=12744, stack(0x000000002de70000,0x000000002df70000)]
  0x00000000234a4000 JavaThread "Unconstrained build operations Thread 35" [_thread_blocked, id=19944, stack(0x000000002dd70000,0x000000002de70000)]
  0x000000002349e000 JavaThread "Unconstrained build operations Thread 34" [_thread_blocked, id=16280, stack(0x000000002dc70000,0x000000002dd70000)]
  0x00000000234a2000 JavaThread "Cache worker for execution history cache (E:\memorygame\MemoryGame\node_modules\react-native-gradle-plugin\.gradle\7.5.1\executionHistory)" [_thread_blocked, id=11928, stack(0x000000002db70000,0x000000002dc70000)]
  0x00000000234a2800 JavaThread "Execution worker Thread 7" [_thread_blocked, id=13772, stack(0x000000002d870000,0x000000002d970000)]
  0x00000000234a0000 JavaThread "Execution worker Thread 6" [_thread_blocked, id=15396, stack(0x000000002d770000,0x000000002d870000)]
  0x00000000234a5000 JavaThread "Execution worker Thread 5" [_thread_blocked, id=9780, stack(0x000000002d670000,0x000000002d770000)]
  0x000000002349e800 JavaThread "Execution worker Thread 4" [_thread_blocked, id=5004, stack(0x000000002d570000,0x000000002d670000)]
  0x000000001f11e000 JavaThread "Execution worker Thread 3" [_thread_blocked, id=10024, stack(0x000000002d470000,0x000000002d570000)]
  0x000000001f11f000 JavaThread "Execution worker Thread 2" [_thread_blocked, id=6680, stack(0x000000002d370000,0x000000002d470000)]
  0x000000001f11d000 JavaThread "Execution worker" [_thread_blocked, id=18676, stack(0x000000002d270000,0x000000002d370000)]
  0x000000001f124800 JavaThread "included builds" [_thread_blocked, id=19356, stack(0x000000002a960000,0x000000002aa60000)]
  0x000000001f11b800 JavaThread "Memory manager" [_thread_blocked, id=18692, stack(0x0000000026f90000,0x0000000027090000)]
  0x000000001f117000 JavaThread "build event listener" [_thread_blocked, id=9096, stack(0x0000000026d60000,0x0000000026e60000)]
  0x000000001f117800 JavaThread "Unconstrained build operations Thread 33" [_thread_blocked, id=8464, stack(0x0000000026a60000,0x0000000026b60000)]
  0x000000001f11b000 JavaThread "Unconstrained build operations Thread 32" [_thread_blocked, id=7648, stack(0x0000000026960000,0x0000000026a60000)]
  0x000000001cc6b000 JavaThread "Unconstrained build operations Thread 31" [_thread_blocked, id=1816, stack(0x0000000026860000,0x0000000026960000)]
  0x000000001cc68800 JavaThread "Unconstrained build operations Thread 30" [_thread_blocked, id=2860, stack(0x0000000026760000,0x0000000026860000)]
  0x000000001cc69000 JavaThread "Unconstrained build operations Thread 29" [_thread_blocked, id=10584, stack(0x0000000026660000,0x0000000026760000)]
  0x000000001cc67800 JavaThread "Unconstrained build operations Thread 28" [_thread_blocked, id=18572, stack(0x0000000026560000,0x0000000026660000)]
  0x000000001cc67000 JavaThread "Unconstrained build operations Thread 27" [_thread_blocked, id=5168, stack(0x0000000026460000,0x0000000026560000)]
  0x000000001cc66000 JavaThread "Unconstrained build operations Thread 26" [_thread_blocked, id=14132, stack(0x0000000026360000,0x0000000026460000)]
  0x000000001cc6a000 JavaThread "Unconstrained build operations Thread 25" [_thread_blocked, id=6300, stack(0x0000000026260000,0x0000000026360000)]
  0x000000001cc65800 JavaThread "Unconstrained build operations Thread 24" [_thread_blocked, id=5232, stack(0x0000000026160000,0x0000000026260000)]
  0x000000001cc5d800 JavaThread "Unconstrained build operations Thread 23" [_thread_blocked, id=18888, stack(0x0000000026060000,0x0000000026160000)]
  0x000000001cc64800 JavaThread "Unconstrained build operations Thread 22" [_thread_blocked, id=3712, stack(0x0000000025f60000,0x0000000026060000)]
  0x000000001cc63800 JavaThread "Unconstrained build operations Thread 21" [_thread_blocked, id=14608, stack(0x0000000025e60000,0x0000000025f60000)]
  0x000000001cc5c000 JavaThread "Unconstrained build operations Thread 20" [_thread_blocked, id=12896, stack(0x0000000025d60000,0x0000000025e60000)]
  0x000000001cc60000 JavaThread "Unconstrained build operations Thread 19" [_thread_blocked, id=14912, stack(0x0000000025c60000,0x0000000025d60000)]
  0x000000001cc5c800 JavaThread "Unconstrained build operations Thread 18" [_thread_blocked, id=16928, stack(0x0000000025b60000,0x0000000025c60000)]
  0x000000001cc62000 JavaThread "Unconstrained build operations Thread 17" [_thread_blocked, id=11964, stack(0x0000000025a60000,0x0000000025b60000)]
  0x000000001cc61800 JavaThread "Unconstrained build operations Thread 16" [_thread_blocked, id=15168, stack(0x0000000025960000,0x0000000025a60000)]
  0x000000001cc63000 JavaThread "Unconstrained build operations Thread 15" [_thread_blocked, id=14276, stack(0x0000000025860000,0x0000000025960000)]
  0x000000001cc5f000 JavaThread "Unconstrained build operations Thread 14" [_thread_blocked, id=5620, stack(0x0000000025760000,0x0000000025860000)]
  0x000000001cc60800 JavaThread "Unconstrained build operations Thread 13" [_thread_blocked, id=21120, stack(0x0000000025660000,0x0000000025760000)]
  0x000000001cc5e000 JavaThread "Unconstrained build operations Thread 12" [_thread_blocked, id=14300, stack(0x0000000025560000,0x0000000025660000)]
  0x000000001c84c000 JavaThread "Unconstrained build operations Thread 11" [_thread_blocked, id=16184, stack(0x0000000025460000,0x0000000025560000)]
  0x000000001c84b000 JavaThread "Unconstrained build operations Thread 10" [_thread_blocked, id=15932, stack(0x0000000025360000,0x0000000025460000)]
  0x000000001c849000 JavaThread "Unconstrained build operations Thread 9" [_thread_blocked, id=17456, stack(0x0000000025260000,0x0000000025360000)]
  0x000000001c849800 JavaThread "Unconstrained build operations Thread 8" [_thread_blocked, id=7380, stack(0x0000000025160000,0x0000000025260000)]
  0x000000001c848000 JavaThread "Unconstrained build operations Thread 7" [_thread_blocked, id=13680, stack(0x0000000025060000,0x0000000025160000)]
  0x000000001c84d000 JavaThread "Unconstrained build operations Thread 6" [_thread_blocked, id=13592, stack(0x0000000024f60000,0x0000000025060000)]
  0x000000001c847800 JavaThread "Unconstrained build operations Thread 5" [_thread_blocked, id=6388, stack(0x0000000024e60000,0x0000000024f60000)]
  0x000000001c84e800 JavaThread "Unconstrained build operations Thread 4" [_thread_blocked, id=5440, stack(0x0000000024d60000,0x0000000024e60000)]
  0x000000001c84a800 JavaThread "Unconstrained build operations Thread 3" [_thread_blocked, id=9500, stack(0x0000000024c60000,0x0000000024d60000)]
  0x000000001c84d800 JavaThread "Unconstrained build operations Thread 2" [_thread_blocked, id=17676, stack(0x0000000024b60000,0x0000000024c60000)]
  0x000000001facc000 JavaThread "Unconstrained build operations" [_thread_blocked, id=348, stack(0x0000000024a60000,0x0000000024b60000)]
  0x000000001faca800 JavaThread "Cache worker for Build Output Cleanup Cache (E:\memorygame\MemoryGame\node_modules\react-native-gradle-plugin\.gradle\buildOutputCleanup)" [_thread_blocked, id=9972, stack(0x0000000024560000,0x0000000024660000)]
  0x000000001facd800 JavaThread "Cache worker for Build Output Cleanup Cache (E:\memorygame\MemoryGame\android\.gradle\buildOutputCleanup)" [_thread_blocked, id=12648, stack(0x0000000024460000,0x0000000024560000)]
  0x000000001facb800 JavaThread "Cache worker for dependencies-accessors (E:\memorygame\MemoryGame\android\.gradle\7.5.1\dependencies-accessors)" [_thread_blocked, id=18384, stack(0x0000000024160000,0x0000000024260000)]
  0x000000001face800 JavaThread "Cache worker for kotlin-dsl (C:\Users\AKKI\.gradle\caches\7.5.1\kotlin-dsl)" [_thread_blocked, id=9876, stack(0x0000000023e60000,0x0000000023f60000)]
  0x000000001fac9000 JavaThread "jar transforms Thread 8" [_thread_in_vm, id=16132, stack(0x0000000022a90000,0x0000000022b90000)]
  0x000000001fac9800 JavaThread "jar transforms Thread 7" [_thread_in_Java, id=11168, stack(0x0000000022990000,0x0000000022a90000)]
  0x000000001fac1000 JavaThread "jar transforms Thread 6" [_thread_in_native, id=13896, stack(0x0000000022890000,0x0000000022990000)]
  0x000000001fac8000 JavaThread "jar transforms Thread 5" [_thread_in_Java, id=15456, stack(0x0000000022790000,0x0000000022890000)]
  0x000000001fac2800 JavaThread "jar transforms Thread 4" [_thread_in_native, id=3812, stack(0x0000000022090000,0x0000000022190000)]
  0x000000001fac2000 JavaThread "jar transforms Thread 3" [_thread_in_native, id=15104, stack(0x0000000021f90000,0x0000000022090000)]
  0x000000001fac6800 JavaThread "Cache worker for execution history cache (C:\Users\AKKI\.gradle\caches\7.5.1\executionHistory)" [_thread_blocked, id=13832, stack(0x0000000021c90000,0x0000000021d90000)]
  0x000000001fac7800 JavaThread "Cache worker for cache directory md-supplier (C:\Users\AKKI\.gradle\caches\7.5.1\md-supplier)" [_thread_blocked, id=16560, stack(0x0000000021b90000,0x0000000021c90000)]
  0x000000001fac3800 JavaThread "Cache worker for file hash cache (E:\memorygame\MemoryGame\android\.gradle\7.5.1\fileHashes)" [_thread_blocked, id=3676, stack(0x0000000021a90000,0x0000000021b90000)]
  0x000000001fac6000 JavaThread "Cache worker for file content cache (C:\Users\AKKI\.gradle\caches\7.5.1\fileContent)" [_thread_blocked, id=10476, stack(0x0000000021990000,0x0000000021a90000)]
  0x000000001bd86000 JavaThread "Cache worker for cache directory md-rule (C:\Users\AKKI\.gradle\caches\7.5.1\md-rule)" [_thread_blocked, id=12284, stack(0x0000000021690000,0x0000000021790000)]
  0x000000001bd88800 JavaThread "Cache worker for checksums cache (E:\memorygame\MemoryGame\android\.gradle\7.5.1\checksums)" [_thread_blocked, id=15988, stack(0x0000000021590000,0x0000000021690000)]
  0x000000001bd85000 JavaThread "jar transforms Thread 2" [_thread_in_Java, id=788, stack(0x0000000021190000,0x0000000021290000)]
  0x000000001bd8a000 JavaThread "jar transforms" [_thread_in_Java, id=16480, stack(0x0000000021090000,0x0000000021190000)]
  0x000000001bd8c000 JavaThread "File watcher consumer" daemon [_thread_blocked, id=8632, stack(0x0000000020f90000,0x0000000021090000)]
  0x000000001bd8b800 JavaThread "File watcher server" daemon [_thread_in_native, id=17772, stack(0x0000000020e90000,0x0000000020f90000)]
  0x000000001bd8a800 JavaThread "Cache worker for file hash cache (C:\Users\AKKI\.gradle\caches\7.5.1\fileHashes)" [_thread_blocked, id=19716, stack(0x000000001f9c0000,0x000000001fac0000)]
  0x000000001bd89000 JavaThread "File lock request listener" [_thread_in_native, id=21188, stack(0x000000001e6f0000,0x000000001e7f0000)]
  0x000000001bd87800 JavaThread "Cache worker for journal cache (C:\Users\AKKI\.gradle\caches\journal-1)" [_thread_blocked, id=6156, stack(0x000000001e3f0000,0x000000001e4f0000)]
  0x000000001c430800 JavaThread "Daemon client event forwarder" [_thread_blocked, id=11316, stack(0x000000001e2f0000,0x000000001e3f0000)]
  0x000000001c42c800 JavaThread "Asynchronous log dispatcher for DefaultDaemonConnection: socket connection from /127.0.0.1:65402 to /127.0.0.1:65403" [_thread_blocked, id=12676, stack(0x000000001e0f0000,0x000000001e1f0000)]
  0x000000001c433000 JavaThread "Daemon worker" [_thread_blocked, id=14320, stack(0x000000001def0000,0x000000001dff0000)]
  0x000000001c441000 JavaThread "Cancel handler" [_thread_blocked, id=20796, stack(0x000000001ddf0000,0x000000001def0000)]
  0x000000001c3fa000 JavaThread "Handler for socket connection from /127.0.0.1:65402 to /127.0.0.1:65403" [_thread_in_native, id=8612, stack(0x000000001dcf0000,0x000000001ddf0000)]
  0x000000001c3f9000 JavaThread "Daemon" [_thread_blocked, id=3052, stack(0x000000001dbf0000,0x000000001dcf0000)]
  0x000000001c3d0800 JavaThread "Daemon periodic checks" [_thread_blocked, id=2584, stack(0x000000001d8f0000,0x000000001d9f0000)]
  0x000000001c350800 JavaThread "Incoming local TCP Connector on port 65402" [_thread_in_native, id=2508, stack(0x000000001d6a0000,0x000000001d7a0000)]
  0x000000001bfad000 JavaThread "Daemon health stats" [_thread_blocked, id=7084, stack(0x000000001d260000,0x000000001d360000)]
  0x0000000019a4c000 JavaThread "Service Thread" daemon [_thread_blocked, id=3312, stack(0x000000001a6c0000,0x000000001a7c0000)]
  0x0000000019a14000 JavaThread "C1 CompilerThread3" daemon [_thread_blocked, id=13288, stack(0x000000001a5c0000,0x000000001a6c0000)]
  0x00000000199f9000 JavaThread "C2 CompilerThread2" daemon [_thread_in_native, id=6200, stack(0x000000001a4c0000,0x000000001a5c0000)]
  0x00000000199f3000 JavaThread "C2 CompilerThread1" daemon [_thread_in_native, id=8280, stack(0x000000001a3c0000,0x000000001a4c0000)]
=>0x00000000199e1000 JavaThread "C2 CompilerThread0" daemon [_thread_in_native, id=20432, stack(0x000000001a2c0000,0x000000001a3c0000)]
  0x00000000199de800 JavaThread "Attach Listener" daemon [_thread_blocked, id=2428, stack(0x000000001a1c0000,0x000000001a2c0000)]
  0x0000000017bee800 JavaThread "Signal Dispatcher" daemon [_thread_blocked, id=11940, stack(0x000000001a0c0000,0x000000001a1c0000)]
  0x0000000017bdd000 JavaThread "Finalizer" daemon [_thread_blocked, id=16676, stack(0x0000000019eb0000,0x0000000019fb0000)]
  0x00000000199d0800 JavaThread "Reference Handler" daemon [_thread_blocked, id=19216, stack(0x0000000019db0000,0x0000000019eb0000)]
  0x0000000002a32800 JavaThread "main" [_thread_blocked, id=2268, stack(0x0000000002910000,0x0000000002a10000)]

Other Threads:
  0x0000000017bd6800 VMThread [stack: 0x00000000198b0000,0x00000000199b0000] [id=7796]
  0x0000000019a4d800 WatcherThread [stack: 0x000000001a7c0000,0x000000001a8c0000] [id=19556]

VM state:not at safepoint (normal execution)

VM Mutex/Monitor currently owned by a thread: None

heap address: 0x0000000080000000, size: 2048 MB, Compressed Oops mode: 32-bit
Narrow klass base: 0x0000000000000000, Narrow klass shift: 3
Compressed class space size: 1073741824 Address: 0x0000000100000000

Heap:
 PSYoungGen      total 297472K, used 54847K [0x00000000d5580000, 0x00000000e9680000, 0x0000000100000000)
  eden space 275456K, 14% used [0x00000000d5580000,0x00000000d7b80710,0x00000000e6280000)
  from space 22016K, 72% used [0x00000000e8100000,0x00000000e908f508,0x00000000e9680000)
  to   space 26624K, 0% used [0x00000000e6280000,0x00000000e6280000,0x00000000e7c80000)
 ParOldGen       total 182784K, used 79185K [0x0000000080000000, 0x000000008b280000, 0x00000000d5580000)
  object space 182784K, 43% used [0x0000000080000000,0x0000000084d544a8,0x000000008b280000)
 Metaspace       used 112845K, capacity 118403K, committed 118552K, reserved 1150976K
  class space    used 15305K, capacity 16391K, committed 16424K, reserved 1048576K

Card table byte_map: [0x0000000011f00000,0x0000000012310000] byte_map_base: 0x0000000011b00000

Marking Bits: (ParMarkBitMap*) 0x000000006a033420
 Begin Bits: [0x0000000012dc0000, 0x0000000014dc0000)
 End Bits:   [0x0000000014dc0000, 0x0000000016dc0000)

Polling page: 0x0000000002a10000

CodeCache: size=245760Kb used=39749Kb max_used=39749Kb free=206010Kb
 bounds [0x0000000002b40000, 0x0000000005240000, 0x0000000011b40000]
 total_blobs=12542 nmethods=11535 adapters=919
 compilation: enabled

Compilation events (10 events):
Event: 137.227 Thread 0x0000000019a14000 nmethod 13651 0x0000000005235050 code [0x00000000052351a0, 0x00000000052352f0]
Event: 137.227 Thread 0x0000000019a14000 13652   !   3       java.util.zip.Deflater::reset (62 bytes)
Event: 137.227 Thread 0x0000000019a14000 nmethod 13652 0x0000000005235350 code [0x00000000052354e0, 0x00000000052358f8]
Event: 137.227 Thread 0x0000000019a14000 13654       3       org.apache.tools.zip.ZipEntry::getLocalFileDataExtra (17 bytes)
Event: 137.227 Thread 0x0000000019a14000 nmethod 13654 0x0000000005235ad0 code [0x0000000005235c40, 0x0000000005235e90]
Event: 137.227 Thread 0x0000000019a14000 13655       3       java.util.zip.ZipEntry::setCrc (30 bytes)
Event: 137.228 Thread 0x0000000019a14000 nmethod 13655 0x0000000005235f10 code [0x0000000005236080, 0x0000000005236328]
Event: 137.228 Thread 0x0000000019a14000 13658       3       org.apache.tools.zip.ZipOutputStream$CurrentEntry::access$102 (7 bytes)
Event: 137.228 Thread 0x0000000019a14000 nmethod 13658 0x0000000005236410 code [0x0000000005236560, 0x0000000005236690]
Event: 137.228 Thread 0x0000000019a14000 13657       3       org.apache.tools.zip.ZipOutputStream::writeLocalFileHeader (101 bytes)

GC Heap History (10 events):
Event: 43.085 GC heap before
{Heap before GC invocations=26 (full 3):
 PSYoungGen      total 233472K, used 122439K [0x00000000d5580000, 0x00000000e5400000, 0x0000000100000000)
  eden space 208384K, 51% used [0x00000000d5580000,0x00000000dbea33c0,0x00000000e2100000)
  from space 25088K, 58% used [0x00000000e3b80000,0x00000000e49eec00,0x00000000e5400000)
  to   space 26112K, 0% used [0x00000000e2100000,0x00000000e2100000,0x00000000e3a80000)
 ParOldGen       total 102912K, used 70212K [0x0000000080000000, 0x0000000086480000, 0x00000000d5580000)
  object space 102912K, 68% used [0x0000000080000000,0x0000000084491260,0x0000000086480000)
 Metaspace       used 94249K, capacity 98165K, committed 98600K, reserved 1134592K
  class space    used 12861K, capacity 13673K, committed 13736K, reserved 1048576K
Event: 43.103 GC heap after
Heap after GC invocations=26 (full 3):
 PSYoungGen      total 234496K, used 11106K [0x00000000d5580000, 0x00000000e7b80000, 0x0000000100000000)
  eden space 208384K, 0% used [0x00000000d5580000,0x00000000d5580000,0x00000000e2100000)
  from space 26112K, 42% used [0x00000000e2100000,0x00000000e2bd89b8,0x00000000e3a80000)
  to   space 24576K, 0% used [0x00000000e6380000,0x00000000e6380000,0x00000000e7b80000)
 ParOldGen       total 102912K, used 77692K [0x0000000080000000, 0x0000000086480000, 0x00000000d5580000)
  object space 102912K, 75% used [0x0000000080000000,0x0000000084bdf1b8,0x0000000086480000)
 Metaspace       used 94249K, capacity 98165K, committed 98600K, reserved 1134592K
  class space    used 12861K, capacity 13673K, committed 13736K, reserved 1048576K
}
Event: 43.103 GC heap before
{Heap before GC invocations=27 (full 4):
 PSYoungGen      total 234496K, used 11106K [0x00000000d5580000, 0x00000000e7b80000, 0x0000000100000000)
  eden space 208384K, 0% used [0x00000000d5580000,0x00000000d5580000,0x00000000e2100000)
  from space 26112K, 42% used [0x00000000e2100000,0x00000000e2bd89b8,0x00000000e3a80000)
  to   space 24576K, 0% used [0x00000000e6380000,0x00000000e6380000,0x00000000e7b80000)
 ParOldGen       total 102912K, used 77692K [0x0000000080000000, 0x0000000086480000, 0x00000000d5580000)
  object space 102912K, 75% used [0x0000000080000000,0x0000000084bdf1b8,0x0000000086480000)
 Metaspace       used 94249K, capacity 98165K, committed 98600K, reserved 1134592K
  class space    used 12861K, capacity 13673K, committed 13736K, reserved 1048576K
Event: 43.388 GC heap after
Heap after GC invocations=27 (full 4):
 PSYoungGen      total 234496K, used 0K [0x00000000d5580000, 0x00000000e7b80000, 0x0000000100000000)
  eden space 208384K, 0% used [0x00000000d5580000,0x00000000d5580000,0x00000000e2100000)
  from space 26112K, 0% used [0x00000000e2100000,0x00000000e2100000,0x00000000e3a80000)
  to   space 24576K, 0% used [0x00000000e6380000,0x00000000e6380000,0x00000000e7b80000)
 ParOldGen       total 182784K, used 79146K [0x0000000080000000, 0x000000008b280000, 0x00000000d5580000)
  object space 182784K, 43% used [0x0000000080000000,0x0000000084d4a9c8,0x000000008b280000)
 Metaspace       used 94245K, capacity 98159K, committed 98600K, reserved 1134592K
  class space    used 12861K, capacity 13672K, committed 13736K, reserved 1048576K
}
Event: 47.706 GC heap before
{Heap before GC invocations=28 (full 4):
 PSYoungGen      total 234496K, used 208384K [0x00000000d5580000, 0x00000000e7b80000, 0x0000000100000000)
  eden space 208384K, 100% used [0x00000000d5580000,0x00000000e2100000,0x00000000e2100000)
  from space 26112K, 0% used [0x00000000e2100000,0x00000000e2100000,0x00000000e3a80000)
  to   space 24576K, 0% used [0x00000000e6380000,0x00000000e6380000,0x00000000e7b80000)
 ParOldGen       total 182784K, used 79146K [0x0000000080000000, 0x000000008b280000, 0x00000000d5580000)
  object space 182784K, 43% used [0x0000000080000000,0x0000000084d4a9c8,0x000000008b280000)
 Metaspace       used 104183K, capacity 109177K, committed 109464K, reserved 1142784K
  class space    used 14145K, capacity 15168K, committed 15272K, reserved 1048576K
Event: 47.726 GC heap after
Heap after GC invocations=28 (full 4):
 PSYoungGen      total 265216K, used 16968K [0x00000000d5580000, 0x00000000e7700000, 0x0000000100000000)
  eden space 245248K, 0% used [0x00000000d5580000,0x00000000d5580000,0x00000000e4500000)
  from space 19968K, 84% used [0x00000000e6380000,0x00000000e7412210,0x00000000e7700000)
  to   space 25600K, 0% used [0x00000000e4500000,0x00000000e4500000,0x00000000e5e00000)
 ParOldGen       total 182784K, used 79154K [0x0000000080000000, 0x000000008b280000, 0x00000000d5580000)
  object space 182784K, 43% used [0x0000000080000000,0x0000000084d4c9c8,0x000000008b280000)
 Metaspace       used 104183K, capacity 109177K, committed 109464K, reserved 1142784K
  class space    used 14145K, capacity 15168K, committed 15272K, reserved 1048576K
}
Event: 105.013 GC heap before
{Heap before GC invocations=29 (full 4):
 PSYoungGen      total 265216K, used 262216K [0x00000000d5580000, 0x00000000e7700000, 0x0000000100000000)
  eden space 245248K, 100% used [0x00000000d5580000,0x00000000e4500000,0x00000000e4500000)
  from space 19968K, 84% used [0x00000000e6380000,0x00000000e7412210,0x00000000e7700000)
  to   space 25600K, 0% used [0x00000000e4500000,0x00000000e4500000,0x00000000e5e00000)
 ParOldGen       total 182784K, used 79154K [0x0000000080000000, 0x000000008b280000, 0x00000000d5580000)
  object space 182784K, 43% used [0x0000000080000000,0x0000000084d4c9c8,0x000000008b280000)
 Metaspace       used 112481K, capacity 117999K, committed 118040K, reserved 1150976K
  class space    used 15298K, capacity 16391K, committed 16424K, reserved 1048576K
Event: 105.914 GC heap after
Heap after GC invocations=29 (full 4):
 PSYoungGen      total 270848K, used 18940K [0x00000000d5580000, 0x00000000e9b00000, 0x0000000100000000)
  eden space 245248K, 0% used [0x00000000d5580000,0x00000000d5580000,0x00000000e4500000)
  from space 25600K, 73% used [0x00000000e4500000,0x00000000e577f028,0x00000000e5e00000)
  to   space 26624K, 0% used [0x00000000e8100000,0x00000000e8100000,0x00000000e9b00000)
 ParOldGen       total 182784K, used 79170K [0x0000000080000000, 0x000000008b280000, 0x00000000d5580000)
  object space 182784K, 43% used [0x0000000080000000,0x0000000084d509c8,0x000000008b280000)
 Metaspace       used 112481K, capacity 117999K, committed 118040K, reserved 1150976K
  class space    used 15298K, capacity 16391K, committed 16424K, reserved 1048576K
}
Event: 137.064 GC heap before
{Heap before GC invocations=30 (full 4):
 PSYoungGen      total 270848K, used 264188K [0x00000000d5580000, 0x00000000e9b00000, 0x0000000100000000)
  eden space 245248K, 100% used [0x00000000d5580000,0x00000000e4500000,0x00000000e4500000)
  from space 25600K, 73% used [0x00000000e4500000,0x00000000e577f028,0x00000000e5e00000)
  to   space 26624K, 0% used [0x00000000e8100000,0x00000000e8100000,0x00000000e9b00000)
 ParOldGen       total 182784K, used 79177K [0x0000000080000000, 0x000000008b280000, 0x00000000d5580000)
  object space 182784K, 43% used [0x0000000080000000,0x0000000084d524a8,0x000000008b280000)
 Metaspace       used 112791K, capacity 118339K, committed 118552K, reserved 1150976K
  class space    used 15303K, capacity 16391K, committed 16424K, reserved 1048576K
Event: 137.096 GC heap after
Heap after GC invocations=30 (full 4):
 PSYoungGen      total 297472K, used 15933K [0x00000000d5580000, 0x00000000e9680000, 0x0000000100000000)
  eden space 275456K, 0% used [0x00000000d5580000,0x00000000d5580000,0x00000000e6280000)
  from space 22016K, 72% used [0x00000000e8100000,0x00000000e908f508,0x00000000e9680000)
  to   space 26624K, 0% used [0x00000000e6280000,0x00000000e6280000,0x00000000e7c80000)
 ParOldGen       total 182784K, used 79185K [0x0000000080000000, 0x000000008b280000, 0x00000000d5580000)
  object space 182784K, 43% used [0x0000000080000000,0x0000000084d544a8,0x000000008b280000)
 Metaspace       used 112791K, capacity 118339K, committed 118552K, reserved 1150976K
  class space    used 15303K, capacity 16391K, committed 16424K, reserved 1048576K
}

Deoptimization events (10 events):
Event: 136.865 Thread 0x000000001fac8000 Uncommon trap: reason=unstable_if action=reinterpret pc=0x000000000359e2c4 method=org.objectweb.asm.ClassReader.readUtf(II[C)Ljava/lang/String; @ 69
Event: 136.865 Thread 0x000000001fac8000 Uncommon trap: reason=unstable_if action=reinterpret pc=0x00000000039df994 method=org.objectweb.asm.ByteVector.putUTF8(Ljava/lang/String;)Lorg/objectweb/asm/ByteVector; @ 100
Event: 136.883 Thread 0x000000001fac8000 Uncommon trap: reason=unstable_if action=reinterpret pc=0x0000000003bdc88c method=org.objectweb.asm.ClassReader.readUtf(II[C)Ljava/lang/String; @ 69
Event: 136.883 Thread 0x000000001fac8000 Uncommon trap: reason=unstable_if action=reinterpret pc=0x00000000039a667c method=org.objectweb.asm.ByteVector.putUTF8(Ljava/lang/String;)Lorg/objectweb/asm/ByteVector; @ 100
Event: 136.963 Thread 0x000000001fac8000 Uncommon trap: reason=class_check action=maybe_recompile pc=0x0000000003b4e06c method=java.io.BufferedOutputStream.write([BII)V @ 20
Event: 136.965 Thread 0x000000001bd85000 Uncommon trap: reason=unstable_if action=reinterpret pc=0x00000000051bac8c method=org.objectweb.asm.MethodWriter.putMethodInfo(Lorg/objectweb/asm/ByteVector;)V @ 230
Event: 137.033 Thread 0x000000001bd85000 Uncommon trap: reason=unstable_if action=reinterpret pc=0x00000000051f8d44 method=org.objectweb.asm.MethodWriter.visitFieldInsn(ILjava/lang/String;Ljava/lang/String;Ljava/lang/String;)V @ 164
Event: 137.103 Thread 0x0000000017bdd000 Uncommon trap: reason=unstable_if action=reinterpret pc=0x0000000002e0f834 method=com.sun.crypto.provider.CipherCore.getOutputSizeByOperation(IZ)I @ 83
Event: 137.103 Thread 0x0000000017bdd000 Uncommon trap: reason=unstable_if action=reinterpret pc=0x0000000005114660 method=com.sun.crypto.provider.CipherCore.prepareInputBuffer([BII[BI)[B @ 188
Event: 137.104 Thread 0x0000000017bdd000 Uncommon trap: reason=unstable_if action=reinterpret pc=0x00000000050928f0 method=com.sun.crypto.provider.GaloisCounterMode.decryptFinal([BII[BI)I @ 5

Classes redefined (0 events):
No events

Internal exceptions (10 events):
Event: 112.872 Thread 0x000000002a0a1000 Exception <a 'java/net/ConnectException': Connection refused: connect> (0x00000000d61b3010) thrown at [C:\cygwin64\tmp\build\source\java-1.8.0-openjdk\tmp\jdk8u\hotspot\src\share\vm\prims\jni.cpp, line 738]
Event: 136.772 Thread 0x000000001fac8000 Exception <a 'sun/nio/fs/WindowsException'> (0x00000000df75fb58) thrown at [C:\cygwin64\tmp\build\source\java-1.8.0-openjdk\tmp\jdk8u\hotspot\src\share\vm\prims\jni.cpp, line 711]
Event: 136.806 Thread 0x000000001fac9800 Exception <a 'sun/nio/fs/WindowsException'> (0x00000000df7dcda8) thrown at [C:\cygwin64\tmp\build\source\java-1.8.0-openjdk\tmp\jdk8u\hotspot\src\share\vm\prims\jni.cpp, line 711]
Event: 136.837 Thread 0x000000001bd85000 Exception <a 'sun/nio/fs/WindowsException'> (0x00000000df9e4c40) thrown at [C:\cygwin64\tmp\build\source\java-1.8.0-openjdk\tmp\jdk8u\hotspot\src\share\vm\prims\jni.cpp, line 711]
Event: 136.893 Thread 0x000000001fac9000 Exception <a 'sun/nio/fs/WindowsException'> (0x00000000e0153bf8) thrown at [C:\cygwin64\tmp\build\source\java-1.8.0-openjdk\tmp\jdk8u\hotspot\src\share\vm\prims\jni.cpp, line 711]
Event: 136.926 Thread 0x000000001fac2000 Exception <a 'sun/nio/fs/WindowsException'> (0x00000000df736f50) thrown at [C:\cygwin64\tmp\build\source\java-1.8.0-openjdk\tmp\jdk8u\hotspot\src\share\vm\prims\jni.cpp, line 711]
Event: 136.965 Thread 0x000000001fac8000 Exception <a 'sun/nio/fs/WindowsException'> (0x00000000e1ac7b20) thrown at [C:\cygwin64\tmp\build\source\java-1.8.0-openjdk\tmp\jdk8u\hotspot\src\share\vm\prims\jni.cpp, line 711]
Event: 136.966 Thread 0x000000001fac8000 Exception <a 'sun/nio/fs/WindowsException'> (0x00000000e1ac7e98) thrown at [C:\cygwin64\tmp\build\source\java-1.8.0-openjdk\tmp\jdk8u\hotspot\src\share\vm\prims\jni.cpp, line 711]
Event: 136.991 Thread 0x000000001bd8a000 Exception <a 'sun/nio/fs/WindowsException'> (0x00000000e2230620) thrown at [C:\cygwin64\tmp\build\source\java-1.8.0-openjdk\tmp\jdk8u\hotspot\src\share\vm\prims\jni.cpp, line 711]
Event: 137.037 Thread 0x000000001fac8000 Exception <a 'sun/nio/fs/WindowsException'> (0x00000000e2eb00c0) thrown at [C:\cygwin64\tmp\build\source\java-1.8.0-openjdk\tmp\jdk8u\hotspot\src\share\vm\prims\jni.cpp, line 711]

Events (10 events):
Event: 137.133 Thread 0x0000000019a14000 flushing nmethod 0x0000000003778850
Event: 137.150 Thread 0x000000001fac8000 DEOPT PACKING pc=0x00000000051d7828 sp=0x000000002288e0b0
Event: 137.150 Thread 0x000000001fac8000 DEOPT UNPACKING pc=0x0000000002b871d0 sp=0x000000002288de00 mode 0
Event: 137.153 Thread 0x0000000019a14000 flushing nmethod 0x0000000004f1be50
Event: 137.153 Thread 0x0000000019a14000 flushing nmethod 0x0000000004f22910
Event: 137.153 Thread 0x0000000019a14000 flushing nmethod 0x0000000004f25090
Event: 137.153 Thread 0x0000000019a14000 flushing nmethod 0x0000000004f30a50
Event: 137.153 Thread 0x0000000019a14000 flushing nmethod 0x0000000004f33f10
Event: 137.153 Thread 0x0000000019a14000 flushing nmethod 0x0000000004f35b50
Event: 137.153 Thread 0x0000000019a14000 flushing nmethod 0x0000000004f39f10


Dynamic libraries:
0x00007ff7094d0000 - 0x00007ff709505000 	C:\Program Files\OpenJDK\openjdk-8u292-b10\bin\java.exe
0x00007ffffb9a0000 - 0x00007ffffbba9000 	C:\WINDOWS\SYSTEM32\ntdll.dll
0x00007ffffa900000 - 0x00007ffffa9be000 	C:\WINDOWS\System32\KERNEL32.DLL
0x00007ffff9210000 - 0x00007ffff958b000 	C:\WINDOWS\System32\KERNELBASE.dll
0x00007ffffa730000 - 0x00007ffffa7de000 	C:\WINDOWS\System32\ADVAPI32.dll
0x00007ffffb060000 - 0x00007ffffb103000 	C:\WINDOWS\System32\msvcrt.dll
0x00007ffffb7c0000 - 0x00007ffffb85e000 	C:\WINDOWS\System32\sechost.dll
0x00007ffff9820000 - 0x00007ffff9940000 	C:\WINDOWS\System32\RPCRT4.dll
0x00007ffffa9c0000 - 0x00007ffffab6d000 	C:\WINDOWS\System32\USER32.dll
0x00007ffff90b0000 - 0x00007ffff90d6000 	C:\WINDOWS\System32\win32u.dll
0x00007ffffa800000 - 0x00007ffffa829000 	C:\WINDOWS\System32\GDI32.dll
0x00007ffff8f90000 - 0x00007ffff90a8000 	C:\WINDOWS\System32\gdi32full.dll
0x00007ffff8ef0000 - 0x00007ffff8f8d000 	C:\WINDOWS\System32\msvcp_win.dll
0x00007ffff9700000 - 0x00007ffff9811000 	C:\WINDOWS\System32\ucrtbase.dll
0x00007fffeada0000 - 0x00007fffeb045000 	C:\WINDOWS\WinSxS\amd64_microsoft.windows.common-controls_6595b64144ccf1df_6.0.22000.120_none_9d947278b86cc467\COMCTL32.dll
0x00007ffffb020000 - 0x00007ffffb052000 	C:\WINDOWS\System32\IMM32.DLL
0x000000006b100000 - 0x000000006b1d2000 	C:\Program Files\OpenJDK\openjdk-8u292-b10\jre\bin\msvcr100.dll
0x0000000069820000 - 0x000000006a0b5000 	C:\Program Files\OpenJDK\openjdk-8u292-b10\jre\bin\server\jvm.dll
0x00007ffffb010000 - 0x00007ffffb018000 	C:\WINDOWS\System32\PSAPI.DLL
0x00007fffeac30000 - 0x00007fffeac39000 	C:\WINDOWS\SYSTEM32\WSOCK32.dll
0x00007ffff2ac0000 - 0x00007ffff2af3000 	C:\WINDOWS\SYSTEM32\WINMM.dll
0x00007ffffb5f0000 - 0x00007ffffb65f000 	C:\WINDOWS\System32\WS2_32.dll
0x00007ffff07f0000 - 0x00007ffff07fa000 	C:\WINDOWS\SYSTEM32\VERSION.dll
0x00007fffe9250000 - 0x00007fffe925f000 	C:\Program Files\OpenJDK\openjdk-8u292-b10\jre\bin\verify.dll
0x00007fffdb9c0000 - 0x00007fffdb9e9000 	C:\Program Files\OpenJDK\openjdk-8u292-b10\jre\bin\java.dll
0x00007fffe85a0000 - 0x00007fffe85b6000 	C:\Program Files\OpenJDK\openjdk-8u292-b10\jre\bin\zip.dll
0x00007ffff9f70000 - 0x00007ffffa727000 	C:\WINDOWS\System32\SHELL32.dll
0x00007ffff6f60000 - 0x00007ffff77c5000 	C:\WINDOWS\SYSTEM32\windows.storage.dll
0x00007ffffab70000 - 0x00007ffffaee8000 	C:\WINDOWS\System32\combase.dll
0x00007ffff6df0000 - 0x00007ffff6f56000 	C:\WINDOWS\SYSTEM32\wintypes.dll
0x00007ffffb860000 - 0x00007ffffb94a000 	C:\WINDOWS\System32\SHCORE.dll
0x00007ffff9c80000 - 0x00007ffff9cdd000 	C:\WINDOWS\System32\shlwapi.dll
0x00007ffff8da0000 - 0x00007ffff8dc1000 	C:\WINDOWS\SYSTEM32\profapi.dll
0x00007fffdc5c0000 - 0x00007fffdc5db000 	C:\Program Files\OpenJDK\openjdk-8u292-b10\jre\bin\net.dll
0x00007ffff8410000 - 0x00007ffff8477000 	C:\WINDOWS\system32\mswsock.dll
0x00007fffdb800000 - 0x00007fffdb812000 	C:\Program Files\OpenJDK\openjdk-8u292-b10\jre\bin\nio.dll
0x00007fffe91b0000 - 0x00007fffe91d7000 	C:\Users\AKKI\.gradle\native\e1d6ef7f7dcc3fd88c89a11ec53ec762bb8ba0a96d01ffa2cd45eb1d1d8dd5c5\windows-amd64\native-platform.dll
0x00007fffd2040000 - 0x00007fffd2184000 	C:\Users\AKKI\.gradle\native\0d407fdbe67a94daf76414ababcb853783967236a71b16ec16e742cd7a986fd3\windows-amd64\native-platform-file-events.dll
0x00007fffe57e0000 - 0x00007fffe57ed000 	C:\Program Files\OpenJDK\openjdk-8u292-b10\jre\bin\management.dll
0x00007ffff86c0000 - 0x00007ffff86d8000 	C:\WINDOWS\SYSTEM32\CRYPTSP.dll
0x00007ffff7ec0000 - 0x00007ffff7ef5000 	C:\WINDOWS\system32\rsaenh.dll
0x00007ffff8570000 - 0x00007ffff8599000 	C:\WINDOWS\SYSTEM32\USERENV.dll
0x00007ffff8850000 - 0x00007ffff8877000 	C:\WINDOWS\SYSTEM32\bcrypt.dll
0x00007ffff8e70000 - 0x00007ffff8eef000 	C:\WINDOWS\System32\bcryptprimitives.dll
0x00007ffff86e0000 - 0x00007ffff86ec000 	C:\WINDOWS\SYSTEM32\CRYPTBASE.dll
0x00007ffff7a20000 - 0x00007ffff7a4d000 	C:\WINDOWS\SYSTEM32\IPHLPAPI.DLL
0x00007ffffa8f0000 - 0x00007ffffa8f9000 	C:\WINDOWS\System32\NSI.dll
0x00007ffff2d20000 - 0x00007ffff2d39000 	C:\WINDOWS\SYSTEM32\dhcpcsvc6.DLL
0x00007ffff3690000 - 0x00007ffff36ae000 	C:\WINDOWS\SYSTEM32\dhcpcsvc.DLL
0x00007ffff7a90000 - 0x00007ffff7b78000 	C:\WINDOWS\SYSTEM32\DNSAPI.dll
0x00007ffff7f80000 - 0x00007ffff7fb4000 	C:\WINDOWS\SYSTEM32\ntmarta.dll
0x00007fffddde0000 - 0x00007fffdde04000 	C:\Program Files\OpenJDK\openjdk-8u292-b10\jre\bin\sunec.dll
0x00007fffe2e50000 - 0x00007fffe2e6e000 	C:\Users\AKKI\AppData\Local\Temp\native-platform2642106399676767585dir\native-platform.dll
0x00007fffea480000 - 0x00007fffea48a000 	C:\Windows\System32\rasadhlp.dll
0x00007ffff1410000 - 0x00007ffff1491000 	C:\WINDOWS\System32\fwpuclnt.dll
0x00007ffff5270000 - 0x00007ffff527c000 	C:\Program Files\OpenJDK\openjdk-8u292-b10\jre\bin\sunmscapi.dll
0x00007ffff9590000 - 0x00007ffff96f2000 	C:\WINDOWS\System32\CRYPT32.dll
0x00007ffff8820000 - 0x00007ffff8848000 	C:\WINDOWS\SYSTEM32\ncrypt.dll
0x00007ffff87e0000 - 0x00007ffff8817000 	C:\WINDOWS\SYSTEM32\NTASN1.dll

VM Arguments:
jvm_args: -XX:MaxMetaspaceSize=512m -Xmx2048m -Dfile.encoding=utf8 -Duser.country=IN -Duser.language=en -Duser.variant 
java_command: org.gradle.launcher.daemon.bootstrap.GradleDaemon 7.5.1
java_class_path (initial): C:\Users\AKKI\.gradle\wrapper\dists\gradle-7.5.1-all\1ehga6e77gqps5uk2kc5kf1vc\gradle-7.5.1\lib\gradle-launcher-7.5.1.jar
Launcher Type: SUN_STANDARD

Environment Variables:
JAVA_HOME=C:\Program Files\OpenJDK\openjdk-8u292-b10
PATH=C:\Windows\system32;C:\Windows;C:\Windows\System32\Wbem;C:\Windows\System32\WindowsPowerShell\v1.0\;C:\Windows\System32\OpenSSH\;C:\Program Files (x86)\NVIDIA Corporation\PhysX\Common;C:\Program Files\NVIDIA Corporation\NVIDIA NvDLISR;C:\WINDOWS\system32;C:\WINDOWS;C:\WINDOWS\System32\Wbem;C:\WINDOWS\System32\WindowsPowerShell\v1.0\;C:\WINDOWS\System32\OpenSSH\;C:\Program Files\Git\cmd;C:\ProgramData\chocolatey\bin;C:\Program Files\OpenJDK\openjdk-8u292-b10\bin;C:\Users\AKKI\AppData\Local\Android\Sdk\platform-tools;C:\Program Files\Microsoft SQL Server\Client SDK\ODBC\170\Tools\Binn\;C:\Program Files\Azure Data Studio\bin;C:\Program Files\Microsoft SQL Server\150\Tools\Binn\;C:\Program Files\dotnet\;C:\Program Files (x86)\Microsoft SQL Server\150\DTS\Binn\;C:\Program Files\nodejs\;C:\Users\AKKI\AppData\Local\Microsoft\WindowsApps;C:\Users\AKKI\AppData\Local\Programs\Microsoft VS Code\bin;C:\WINDOWS\system32;C:\Users\AKKI\AppData\Local\Android\Sdk\platform-tools;C:\Windows\system32;C:\Program Files\Azure Data Studio\bin;C:\Program Files\MongoDB\Server\5.0\bin;C:\Users\AKKI\.dotnet\tools;C:\Users\AKKI\AppData\Roaming\npm
USERNAME=AKKI
OS=Windows_NT
PROCESSOR_IDENTIFIER=AMD64 Family 23 Model 24 Stepping 1, AuthenticAMD



---------------  S Y S T E M  ---------------

OS: Windows 10.0 , 64 bit Build 22000 (10.0.22000.1335)

CPU:total 8 (initial active 8) (8 cores per cpu, 1 threads per core) family 23 model 24 stepping 1, cmov, cx8, fxsr, mmx, sse, sse2, sse3, ssse3, sse4.1, sse4.2, popcnt, avx, avx2, aes, clmul, mmxext, 3dnowpref, lzcnt, sse4a, tsc, tscinvbit, tscinv, bmi1

Memory: 4k page, physical 6225292k(365356k free), swap 22609160k(3904k free)

vm_info: OpenJDK 64-Bit Server VM (25.292-b10) for windows-amd64 JRE (1.8.0_292-b10), built on Apr  9 2021 12:12:51 by "build" with MS VC++ 10.0 (VS2010)

time: Sat Apr 01 13:29:31 2023
timezone: India Standard Time
elapsed time: 137.245811 seconds (0d 0h 2m 17s)

